<?xml version="1.0" encoding="UTF-8"?>
<testsuite xmlns:xsi="http://www.w3.org/2001/XMLSchema-instance" xsi:noNamespaceSchemaLocation="https://maven.apache.org/surefire/maven-surefire-plugin/xsd/surefire-test-report.xsd" version="3.0.2" name="com.example.microservicio_usuarios_mascotas.MicroservicioUsuariosMascotasApplicationTests" time="8.491" tests="1" errors="0" skipped="0" failures="0">
  <properties>
[...]
</properties>
  <testcase name="contextLoads" classname="com.example.microservicio_usuarios_mascotas.MicroservicioUsuariosMascotasApplicationTests" time="0.569">
    <system-out><![CDATA[18:43:54.086 [main] INFO org.springframework.test.context.support.AnnotationConfigContextLoaderUtils -- Could not detect default configuration classes for test class [com.example.microservicio_usuarios_mascotas.MicroservicioUsuariosMascotasApplicationTests]: MicroservicioUsuariosMascotasApplicationTests does not declare any static, non-private, non-final, nested classes annotated with @Configuration.
18:43:54.218 [main] INFO org.springframework.boot.test.context.SpringBootTestContextBootstrapper -- Found @SpringBootConfiguration com.example.microservicio_usuarios_mascotas.MicroservicioUsuariosMascotasApplication for test class com.example.microservicio_usuarios_mascotas.MicroservicioUsuariosMascotasApplicationTests
18:43:54.390 [main] INFO org.springframework.boot.devtools.restart.RestartApplicationListener -- Restart disabled due to context in which it is running

  .   ____          _            __ _ _
 /\\ / ___'_ __ _ _(_)_ __  __ _ \ \ \ \
( ( )\___ | '_ | '_| | '_ \/ _` | \ \ \ \
 \\/  ___)| |_)| | | | | || (_| |  ) ) ) )
  '  |____| .__|_| |_|_| |_\__, | / / / /
 =========|_|==============|___/=/_/_/_/

 :: Spring Boot ::                (v3.4.4)

2025-04-20T18:43:54.870-04:00  INFO 14368 --- [           main] servicioUsuariosMascotasApplicationTests : Starting MicroservicioUsuariosMascotasApplicationTests using Java 18.0.2 with PID 14368 (started by Zabat in C:\Users\Zabat\Desktop\Universidad\MicroServicio\Semana 3 Micro Servicio\Micro Servicios\Micro Servicio Gestion Animales\microservicio-usuarios-mascotas)
2025-04-20T18:43:54.872-04:00  INFO 14368 --- [           main] servicioUsuariosMascotasApplicationTests : No active profile set, falling back to 1 default profile: "default"
2025-04-20T18:43:55.745-04:00  INFO 14368 --- [           main] .s.d.r.c.RepositoryConfigurationDelegate : Bootstrapping Spring Data JPA repositories in DEFAULT mode.
2025-04-20T18:43:55.813-04:00  INFO 14368 --- [           main] .s.d.r.c.RepositoryConfigurationDelegate : Finished Spring Data repository scanning in 55 ms. Found 1 JPA repository interface.
2025-04-20T18:43:56.343-04:00  INFO 14368 --- [           main] o.hibernate.jpa.internal.util.LogHelper  : HHH000204: Processing PersistenceUnitInfo [name: default]
2025-04-20T18:43:56.403-04:00  INFO 14368 --- [           main] org.hibernate.Version                    : HHH000412: Hibernate ORM core version 6.6.11.Final
2025-04-20T18:43:56.445-04:00  INFO 14368 --- [           main] o.h.c.internal.RegionFactoryInitiator    : HHH000026: Second-level cache disabled
2025-04-20T18:43:56.804-04:00  INFO 14368 --- [           main] o.s.o.j.p.SpringPersistenceUnitInfo      : No LoadTimeWeaver setup: ignoring JPA class transformer
2025-04-20T18:43:56.838-04:00  INFO 14368 --- [           main] com.zaxxer.hikari.HikariDataSource       : HikariPool-1 - Starting...
2025-04-20T18:43:57.748-04:00  INFO 14368 --- [           main] com.zaxxer.hikari.pool.HikariPool        : HikariPool-1 - Added connection oracle.jdbc.driver.T4CConnection@a9a8ec3
2025-04-20T18:43:57.750-04:00  INFO 14368 --- [           main] com.zaxxer.hikari.HikariDataSource       : HikariPool-1 - Start completed.
2025-04-20T18:43:57.916-04:00  WARN 14368 --- [           main] org.hibernate.orm.deprecation            : HHH90000025: OracleDialect does not need to be specified explicitly using 'hibernate.dialect' (remove the property setting and it will be selected by default)
2025-04-20T18:43:57.982-04:00  INFO 14368 --- [           main] org.hibernate.orm.connections.pooling    : HHH10001005: Database info:
	Database JDBC URL [Connecting through datasource 'HikariDataSource (HikariPool-1)']
	Database driver: undefined/unknown
	Database version: 23.0
	Autocommit mode: undefined/unknown
	Isolation level: undefined/unknown
	Minimum pool size: undefined/unknown
	Maximum pool size: undefined/unknown
2025-04-20T18:43:59.287-04:00  INFO 14368 --- [           main] o.h.e.t.j.p.i.JtaPlatformInitiator       : HHH000489: No JTA platform available (set 'hibernate.transaction.jta.platform' to enable JTA platform integration)
Hibernate: alter table if exists usuarios modify contraseña varchar2(255 char)
Hibernate: alter table if exists usuarios modify email varchar2(255 char)
Hibernate: alter table if exists usuarios modify nombre varchar2(255 char)
Hibernate: alter table if exists usuarios modify rol varchar2(255 char)
2025-04-20T18:44:00.771-04:00  INFO 14368 --- [           main] j.LocalContainerEntityManagerFactoryBean : Initialized JPA EntityManagerFactory for persistence unit 'default'
2025-04-20T18:44:01.347-04:00  WARN 14368 --- [           main] JpaBaseConfiguration$JpaWebConfiguration : spring.jpa.open-in-view is enabled by default. Therefore, database queries may be performed during view rendering. Explicitly configure spring.jpa.open-in-view to disable this warning
2025-04-20T18:44:01.808-04:00  INFO 14368 --- [           main] servicioUsuariosMascotasApplicationTests : Started MicroservicioUsuariosMascotasApplicationTests in 7.431 seconds (process running for 8.468)
]]></system-out>
  </testcase>
</testsuite>